<?xml version="1.0" encoding="UTF-8"?>
<testng-results ignored="0" total="1" passed="1" failed="0" skipped="0">
  <reporter-output>
  </reporter-output>
  <suite started-at="2026-03-13T22:23:35 IST" name="Cucumber Parallel Suite" finished-at="2026-03-13T22:23:45 IST" duration-ms="10496">
    <groups>
      <group name="cucumber">
        <method signature="AbstractTestNGCucumberTests.runScenario(io.cucumber.testng.PickleWrapper,io.cucumber.testng.FeatureWrapper)[pri:0, instance:TestRunner.TestRunnerJunit@5158b42f]" name="runScenario" class="io.cucumber.testng.AbstractTestNGCucumberTests"/>
      </group> <!-- cucumber -->
    </groups>
    <test started-at="2026-03-13T22:23:35 IST" name="Cucumber Tests" finished-at="2026-03-13T22:23:45 IST" duration-ms="10496">
      <class name="TestRunner.TestRunnerJunit">
        <test-method is-config="true" signature="setUpClass(org.testng.ITestContext)[pri:0, instance:TestRunner.TestRunnerJunit@5158b42f]" started-at="2026-03-13T22:23:35 IST" name="setUpClass" finished-at="2026-03-13T22:23:35 IST" duration-ms="731" status="PASS">
          <params>
            <param index="0">
              <value>
                <![CDATA[org.testng.TestRunner@45b4c3a9]]>
              </value>
            </param>
          </params>
          <reporter-output>
          </reporter-output>
        </test-method> <!-- setUpClass -->
        <test-method signature="runScenario(io.cucumber.testng.PickleWrapper,io.cucumber.testng.FeatureWrapper)[pri:0, instance:TestRunner.TestRunnerJunit@5158b42f]" started-at="2026-03-13T22:23:35 IST" name="runScenario" description="Runs Cucumber Scenarios" data-provider="scenarios" finished-at="2026-03-13T22:23:45 IST" duration-ms="9616" status="PASS">
          <params>
            <param index="0">
              <value>
                <![CDATA["Validate google search is working"]]>
              </value>
            </param>
            <param index="1">
              <value>
                <![CDATA["feature to test google search functionality"]]>
              </value>
            </param>
          </params>
          <reporter-output>
          </reporter-output>
        </test-method> <!-- runScenario -->
        <test-method is-config="true" signature="tearDownClass()[pri:0, instance:TestRunner.TestRunnerJunit@5158b42f]" started-at="2026-03-13T22:23:45 IST" name="tearDownClass" finished-at="2026-03-13T22:23:45 IST" duration-ms="84" status="PASS">
          <reporter-output>
          </reporter-output>
        </test-method> <!-- tearDownClass -->
      </class> <!-- TestRunner.TestRunnerJunit -->
    </test> <!-- Cucumber Tests -->
  </suite> <!-- Cucumber Parallel Suite -->
</testng-results>
